
// ==========================================================================
//  GPPG error listing for yacc source file <D:\ZerOx4C\Dropbox\classes\ゼミ\petit\C#_gplex_gppg\Petit Interpreter\parser.y - 2013/08/17 14:24:40>
// ==========================================================================
//  Version:  1.5.0
//  Machine:  XENON
//  DateTime: 2013/08/17 14:24:43
//  UserName: ZerOx4C
// ==========================================================================


%namespace Petit
%partial
%visiblity internal
//^^^^^^^^^^^^^^^^^
// Error: Unknown %keyword in this context
// Error: Syntax error, unexpected ident
// ---------------------------------------


%{
%}

%union {
	public ExpressionNode expression;
	public ProgramNode program;
	public VariableNode variable;
}

%token	ZERO VAR SUC FOR TIMES_DO END ASSIGN
%token	<variable>	VAR
%left	SEMICOLON


%type	<expression>	expression
%type	<program>		program

%%

input
	: program	{ this.root = $1; }
	;

program
	: program SEMICOLON program				{ $$ = new SequenceNode($1, $3); }
	| FOR expression TIMES_DO program END	{ $$ = new ForNode($2, $4); }
	| VAR ASSIGN expression					{ $$ = new AssignNode($1, $3); }
	;

expression
	: ZERO				{ $$ = new ZeroNode(); }
	| VAR				{ $$ = $1; }
	| SUC expression	{ $$ = new SucNode($2); }
	;

%%
// ==========================================================================

